<?xml version="1.0" encoding="UTF-8"?>
<robot generator="Robot 3.1.2 (Python 3.7.4 on win32)" generated="20190808 17:32:31.653" rpa="false">
<suite id="s1" name="Pepal1" source="C:\Users\Brainnovation\eclipse-workspace\Pepal1">
<suite id="s1-s1" name="Firsttestcase" source="C:\Users\Brainnovation\eclipse-workspace\Pepal1\Firsttestcase">
<suite id="s1-s1-s1" name="Logintest" source="C:\Users\Brainnovation\eclipse-workspace\Pepal1\Firsttestcase\Logintest.robot">
<test id="s1-s1-s1-t1" name="LoginToPepal">
<kw name="Open Browser" library="SeleniumLibrary">
<doc>Opens a new browser instance to the given ``url``.</doc>
<arguments>
<arg>${URL}</arg>
<arg>firefox</arg>
</arguments>
<msg timestamp="20190808 17:32:32.027" level="INFO">Opening browser 'firefox' to base url 'http://172.18.11.127:90/HRISLogin.aspx'.</msg>
<status status="PASS" starttime="20190808 17:32:32.027" endtime="20190808 17:32:50.826"></status>
</kw>
<kw name="Set Browser Implicit Wait" library="SeleniumLibrary">
<doc>Sets the implicit wait value used by Selenium.</doc>
<arguments>
<arg>5</arg>
</arguments>
<status status="PASS" starttime="20190808 17:32:50.827" endtime="20190808 17:32:50.830"></status>
</kw>
<kw name="Input Text" library="SeleniumLibrary">
<doc>Types the given ``text`` into text field identified by ``locator``.</doc>
<arguments>
<arg>name=lytA$ctl02$UserName</arg>
<arg>nikita@gmail.com</arg>
</arguments>
<msg timestamp="20190808 17:32:50.831" level="INFO">Typing text 'nikita@gmail.com' into text field 'name=lytA$ctl02$UserName'.</msg>
<status status="PASS" starttime="20190808 17:32:50.831" endtime="20190808 17:32:50.881"></status>
</kw>
<kw name="Input Password" library="SeleniumLibrary">
<doc>Types the given password into text field identified by ``locator``.</doc>
<arguments>
<arg>name=lytA$ctl02$Password</arg>
<arg>0000</arg>
</arguments>
<msg timestamp="20190808 17:32:50.882" level="INFO">Typing password into text field 'name=lytA$ctl02$Password'.</msg>
<status status="PASS" starttime="20190808 17:32:50.881" endtime="20190808 17:32:50.916"></status>
</kw>
<kw name="Click Button" library="SeleniumLibrary">
<doc>Clicks button identified by ``locator``.</doc>
<arguments>
<arg>name=lytA$ctl02$LoginButton</arg>
</arguments>
<msg timestamp="20190808 17:32:50.917" level="INFO">Clicking button 'name=lytA$ctl02$LoginButton'.</msg>
<status status="PASS" starttime="20190808 17:32:50.917" endtime="20190808 17:32:57.730"></status>
</kw>
<kw name="Sleep" library="BuiltIn">
<doc>Pauses the test executed for the given time.</doc>
<arguments>
<arg>5</arg>
</arguments>
<msg timestamp="20190808 17:33:02.732" level="INFO">Slept 5 seconds</msg>
<status status="PASS" starttime="20190808 17:32:57.731" endtime="20190808 17:33:02.732"></status>
</kw>
<kw name="Close Browser" library="SeleniumLibrary">
<doc>Closes the current browser.</doc>
<status status="PASS" starttime="20190808 17:33:02.732" endtime="20190808 17:33:06.267"></status>
</kw>
<kw name="Log" library="BuiltIn">
<doc>Logs the given message with the given level.</doc>
<arguments>
<arg>This case was executed by %{username} on %{os}</arg>
</arguments>
<msg timestamp="20190808 17:33:06.268" level="INFO">This case was executed by Brainnovation on Windows_NT</msg>
<status status="PASS" starttime="20190808 17:33:06.267" endtime="20190808 17:33:06.268"></status>
</kw>
<status status="PASS" starttime="20190808 17:32:32.026" endtime="20190808 17:33:06.269" critical="yes"></status>
</test>
<status status="PASS" starttime="20190808 17:32:31.736" endtime="20190808 17:33:06.270"></status>
</suite>
<status status="PASS" starttime="20190808 17:32:31.734" endtime="20190808 17:33:06.273"></status>
</suite>
<status status="PASS" starttime="20190808 17:32:31.702" endtime="20190808 17:33:06.275"></status>
</suite>
<statistics>
<total>
<stat pass="1" fail="0">Critical Tests</stat>
<stat pass="1" fail="0">All Tests</stat>
</total>
<tag>
</tag>
<suite>
<stat pass="1" fail="0" id="s1" name="Pepal1">Pepal1</stat>
<stat pass="1" fail="0" id="s1-s1" name="Firsttestcase">Pepal1.Firsttestcase</stat>
<stat pass="1" fail="0" id="s1-s1-s1" name="Logintest">Pepal1.Firsttestcase.Logintest</stat>
</suite>
</statistics>
<errors>
</errors>
</robot>
